<?xml version="1.0" encoding="UTF-8"?>
<testsuite xmlns:xsi="http://www.w3.org/2001/XMLSchema-instance" xsi:noNamespaceSchemaLocation="https://maven.apache.org/surefire/maven-surefire-plugin/xsd/surefire-test-report-3.0.xsd" version="3.0" name="TestSuite" time="44.277" tests="25" errors="0" skipped="0" failures="0">
  <properties>
    <property name="sun.desktop" value="windows"/>
    <property name="awt.toolkit" value="sun.awt.windows.WToolkit"/>
    <property name="file.encoding.pkg" value="sun.io"/>
    <property name="java.specification.version" value="1.8"/>
    <property name="webdriver.chrome.driver" value="D:\My_Projects\selenium-java-3.141.59\ChromeDriver\chromedriver.exe"/>
    <property name="sun.cpu.isalist" value="amd64"/>
    <property name="sun.jnu.encoding" value="Cp1252"/>
    <property name="java.class.path" value="C:\Users\Nishad\git\repository\OpenHRM\target\test-classes;C:\Users\Nishad\git\repository\OpenHRM\target\classes;C:\Users\Nishad\.m2\repository\junit\junit\3.8.1\junit-3.8.1.jar;C:\Users\Nishad\.m2\repository\org\seleniumhq\selenium\selenium-java\2.45.0\selenium-java-2.45.0.jar;C:\Users\Nishad\.m2\repository\org\seleniumhq\selenium\selenium-chrome-driver\2.45.0\selenium-chrome-driver-2.45.0.jar;C:\Users\Nishad\.m2\repository\org\seleniumhq\selenium\selenium-remote-driver\2.45.0\selenium-remote-driver-2.45.0.jar;C:\Users\Nishad\.m2\repository\cglib\cglib-nodep\2.1_3\cglib-nodep-2.1_3.jar;C:\Users\Nishad\.m2\repository\com\google\code\gson\gson\2.3.1\gson-2.3.1.jar;C:\Users\Nishad\.m2\repository\org\seleniumhq\selenium\selenium-api\2.45.0\selenium-api-2.45.0.jar;C:\Users\Nishad\.m2\repository\com\google\guava\guava\18.0\guava-18.0.jar;C:\Users\Nishad\.m2\repository\org\seleniumhq\selenium\selenium-htmlunit-driver\2.45.0\selenium-htmlunit-driver-2.45.0.jar;C:\Users\Nishad\.m2\repository\net\sourceforge\htmlunit\htmlunit\2.15\htmlunit-2.15.jar;C:\Users\Nishad\.m2\repository\xalan\xalan\2.7.1\xalan-2.7.1.jar;C:\Users\Nishad\.m2\repository\xalan\serializer\2.7.1\serializer-2.7.1.jar;C:\Users\Nishad\.m2\repository\commons-collections\commons-collections\3.2.1\commons-collections-3.2.1.jar;C:\Users\Nishad\.m2\repository\org\apache\commons\commons-lang3\3.3.2\commons-lang3-3.3.2.jar;C:\Users\Nishad\.m2\repository\org\apache\httpcomponents\httpmime\4.3.3\httpmime-4.3.3.jar;C:\Users\Nishad\.m2\repository\net\sourceforge\htmlunit\htmlunit-core-js\2.15\htmlunit-core-js-2.15.jar;C:\Users\Nishad\.m2\repository\xerces\xercesImpl\2.11.0\xercesImpl-2.11.0.jar;C:\Users\Nishad\.m2\repository\xml-apis\xml-apis\1.4.01\xml-apis-1.4.01.jar;C:\Users\Nishad\.m2\repository\net\sourceforge\nekohtml\nekohtml\1.9.21\nekohtml-1.9.21.jar;C:\Users\Nishad\.m2\repository\net\sourceforge\cssparser\cssparser\0.9.14\cssparser-0.9.14.jar;C:\Users\Nishad\.m2\repository\org\w3c\css\sac\1.3\sac-1.3.jar;C:\Users\Nishad\.m2\repository\commons-logging\commons-logging\1.1.3\commons-logging-1.1.3.jar;C:\Users\Nishad\.m2\repository\org\eclipse\jetty\jetty-websocket\8.1.15.v20140411\jetty-websocket-8.1.15.v20140411.jar;C:\Users\Nishad\.m2\repository\org\eclipse\jetty\jetty-util\8.1.15.v20140411\jetty-util-8.1.15.v20140411.jar;C:\Users\Nishad\.m2\repository\org\eclipse\jetty\jetty-io\8.1.15.v20140411\jetty-io-8.1.15.v20140411.jar;C:\Users\Nishad\.m2\repository\org\eclipse\jetty\jetty-http\8.1.15.v20140411\jetty-http-8.1.15.v20140411.jar;C:\Users\Nishad\.m2\repository\org\apache\httpcomponents\httpclient\4.3.6\httpclient-4.3.6.jar;C:\Users\Nishad\.m2\repository\org\apache\httpcomponents\httpcore\4.3.3\httpcore-4.3.3.jar;C:\Users\Nishad\.m2\repository\org\seleniumhq\selenium\selenium-firefox-driver\2.45.0\selenium-firefox-driver-2.45.0.jar;C:\Users\Nishad\.m2\repository\commons-io\commons-io\2.4\commons-io-2.4.jar;C:\Users\Nishad\.m2\repository\org\apache\commons\commons-exec\1.1\commons-exec-1.1.jar;C:\Users\Nishad\.m2\repository\org\seleniumhq\selenium\selenium-ie-driver\2.45.0\selenium-ie-driver-2.45.0.jar;C:\Users\Nishad\.m2\repository\net\java\dev\jna\jna\3.4.0\jna-3.4.0.jar;C:\Users\Nishad\.m2\repository\net\java\dev\jna\platform\3.4.0\platform-3.4.0.jar;C:\Users\Nishad\.m2\repository\org\seleniumhq\selenium\selenium-safari-driver\2.45.0\selenium-safari-driver-2.45.0.jar;C:\Users\Nishad\.m2\repository\org\seleniumhq\selenium\selenium-support\2.45.0\selenium-support-2.45.0.jar;C:\Users\Nishad\.m2\repository\org\webbitserver\webbit\0.4.14\webbit-0.4.14.jar;C:\Users\Nishad\.m2\repository\io\netty\netty\3.5.2.Final\netty-3.5.2.Final.jar;C:\Users\Nishad\.m2\repository\org\seleniumhq\selenium\selenium-leg-rc\2.45.0\selenium-leg-rc-2.45.0.jar;C:\Users\Nishad\.m2\repository\org\testng\testng\6.8.8\testng-6.8.8.jar;C:\Users\Nishad\.m2\repository\org\beanshell\bsh\2.0b4\bsh-2.0b4.jar;C:\Users\Nishad\.m2\repository\com\beust\jcommander\1.27\jcommander-1.27.jar;C:\Users\Nishad\.m2\repository\org\apache\maven\plugins\maven-surefire-plugin\3.0.0-M5\maven-surefire-plugin-3.0.0-M5.jar;C:\Users\Nishad\.m2\repository\org\apache\maven\surefire\maven-surefire-common\3.0.0-M5\maven-surefire-common-3.0.0-M5.jar;C:\Users\Nishad\.m2\repository\org\apache\maven\surefire\surefire-api\3.0.0-M5\surefire-api-3.0.0-M5.jar;C:\Users\Nishad\.m2\repository\org\apache\maven\surefire\surefire-logger-api\3.0.0-M5\surefire-logger-api-3.0.0-M5.jar;C:\Users\Nishad\.m2\repository\org\apache\maven\surefire\surefire-extensions-api\3.0.0-M5\surefire-extensions-api-3.0.0-M5.jar;C:\Users\Nishad\.m2\repository\org\apache\maven\surefire\surefire-booter\3.0.0-M5\surefire-booter-3.0.0-M5.jar;C:\Users\Nishad\.m2\repository\org\apache\maven\surefire\surefire-extensions-spi\3.0.0-M5\surefire-extensions-spi-3.0.0-M5.jar;C:\Users\Nishad\.m2\repository\org\apache\maven\maven-toolchain\3.0-alpha-2\maven-toolchain-3.0-alpha-2.jar;C:\Users\Nishad\.m2\repository\org\apache\maven\shared\maven-artifact-transfer\0.11.0\maven-artifact-transfer-0.11.0.jar;C:\Users\Nishad\.m2\repository\org\apache\maven\shared\maven-common-artifact-filters\3.0.1\maven-common-artifact-filters-3.0.1.jar;C:\Users\Nishad\.m2\repository\org\apache\maven\maven-model\3.0\maven-model-3.0.jar;C:\Users\Nishad\.m2\repository\org\apache\maven\maven-plugin-api\3.0\maven-plugin-api-3.0.jar;C:\Users\Nishad\.m2\repository\org\sonatype\sisu\sisu-inject-plexus\1.4.2\sisu-inject-plexus-1.4.2.jar;C:\Users\Nishad\.m2\repository\org\codehaus\plexus\plexus-classworlds\2.2.3\plexus-classworlds-2.2.3.jar;C:\Users\Nishad\.m2\repository\org\sonatype\sisu\sisu-inject-bean\1.4.2\sisu-inject-bean-1.4.2.jar;C:\Users\Nishad\.m2\repository\org\sonatype\sisu\sisu-guice\2.1.7\sisu-guice-2.1.7-noaop.jar;C:\Users\Nishad\.m2\repository\org\apache\maven\shared\maven-shared-utils\3.1.0\maven-shared-utils-3.1.0.jar;C:\Users\Nishad\.m2\repository\org\codehaus\plexus\plexus-java\1.0.5\plexus-java-1.0.5.jar;C:\Users\Nishad\.m2\repository\org\ow2\asm\asm\7.2\asm-7.2.jar;C:\Users\Nishad\.m2\repository\com\thoughtworks\qdox\qdox\2.0-M9\qdox-2.0-M9.jar;C:\Users\Nishad\.m2\repository\org\apache\maven\surefire\surefire-shared-utils\3.0.0-M4\surefire-shared-utils-3.0.0-M4.jar;C:\Users\Nishad\.m2\repository\org\apache\poi\poi-ooxml\4.1.2\poi-ooxml-4.1.2.jar;C:\Users\Nishad\.m2\repository\org\apache\poi\poi\4.1.2\poi-4.1.2.jar;C:\Users\Nishad\.m2\repository\commons-codec\commons-codec\1.13\commons-codec-1.13.jar;C:\Users\Nishad\.m2\repository\org\apache\commons\commons-collections4\4.4\commons-collections4-4.4.jar;C:\Users\Nishad\.m2\repository\org\apache\commons\commons-math3\3.6.1\commons-math3-3.6.1.jar;C:\Users\Nishad\.m2\repository\com\zaxxer\SparseBitSet\1.2\SparseBitSet-1.2.jar;C:\Users\Nishad\.m2\repository\org\apache\poi\poi-ooxml-schemas\4.1.2\poi-ooxml-schemas-4.1.2.jar;C:\Users\Nishad\.m2\repository\org\apache\xmlbeans\xmlbeans\3.1.0\xmlbeans-3.1.0.jar;C:\Users\Nishad\.m2\repository\org\apache\commons\commons-compress\1.19\commons-compress-1.19.jar;C:\Users\Nishad\.m2\repository\com\github\virtuald\curvesapi\1.06\curvesapi-1.06.jar;"/>
    <property name="java.vm.vendor" value="Oracle Corporation"/>
    <property name="sun.arch.data.model" value="64"/>
    <property name="user.variant" value=""/>
    <property name="java.vendor.url" value="http://java.oracle.com/"/>
    <property name="user.timezone" value="Asia/Calcutta"/>
    <property name="java.vm.specification.version" value="1.8"/>
    <property name="os.name" value="Windows 10"/>
    <property name="user.country" value="US"/>
    <property name="sun.java.launcher" value="SUN_STANDARD"/>
    <property name="sun.boot.library.path" value="C:\Program Files\Java\jdk1.8.0_231\jre\bin"/>
    <property name="sun.java.command" value="C:\Users\Nishad\AppData\Local\Temp\surefire6658287218509842821\surefirebooter2716133619679024373.jar C:\Users\Nishad\AppData\Local\Temp\surefire6658287218509842821 2020-08-26T21-35-04_869-jvmRun1 surefire1255817162708167342tmp surefire_01708899943979178676tmp"/>
    <property name="surefire.test.class.path" value="C:\Users\Nishad\git\repository\OpenHRM\target\test-classes;C:\Users\Nishad\git\repository\OpenHRM\target\classes;C:\Users\Nishad\.m2\repository\junit\junit\3.8.1\junit-3.8.1.jar;C:\Users\Nishad\.m2\repository\org\seleniumhq\selenium\selenium-java\2.45.0\selenium-java-2.45.0.jar;C:\Users\Nishad\.m2\repository\org\seleniumhq\selenium\selenium-chrome-driver\2.45.0\selenium-chrome-driver-2.45.0.jar;C:\Users\Nishad\.m2\repository\org\seleniumhq\selenium\selenium-remote-driver\2.45.0\selenium-remote-driver-2.45.0.jar;C:\Users\Nishad\.m2\repository\cglib\cglib-nodep\2.1_3\cglib-nodep-2.1_3.jar;C:\Users\Nishad\.m2\repository\com\google\code\gson\gson\2.3.1\gson-2.3.1.jar;C:\Users\Nishad\.m2\repository\org\seleniumhq\selenium\selenium-api\2.45.0\selenium-api-2.45.0.jar;C:\Users\Nishad\.m2\repository\com\google\guava\guava\18.0\guava-18.0.jar;C:\Users\Nishad\.m2\repository\org\seleniumhq\selenium\selenium-htmlunit-driver\2.45.0\selenium-htmlunit-driver-2.45.0.jar;C:\Users\Nishad\.m2\repository\net\sourceforge\htmlunit\htmlunit\2.15\htmlunit-2.15.jar;C:\Users\Nishad\.m2\repository\xalan\xalan\2.7.1\xalan-2.7.1.jar;C:\Users\Nishad\.m2\repository\xalan\serializer\2.7.1\serializer-2.7.1.jar;C:\Users\Nishad\.m2\repository\commons-collections\commons-collections\3.2.1\commons-collections-3.2.1.jar;C:\Users\Nishad\.m2\repository\org\apache\commons\commons-lang3\3.3.2\commons-lang3-3.3.2.jar;C:\Users\Nishad\.m2\repository\org\apache\httpcomponents\httpmime\4.3.3\httpmime-4.3.3.jar;C:\Users\Nishad\.m2\repository\net\sourceforge\htmlunit\htmlunit-core-js\2.15\htmlunit-core-js-2.15.jar;C:\Users\Nishad\.m2\repository\xerces\xercesImpl\2.11.0\xercesImpl-2.11.0.jar;C:\Users\Nishad\.m2\repository\xml-apis\xml-apis\1.4.01\xml-apis-1.4.01.jar;C:\Users\Nishad\.m2\repository\net\sourceforge\nekohtml\nekohtml\1.9.21\nekohtml-1.9.21.jar;C:\Users\Nishad\.m2\repository\net\sourceforge\cssparser\cssparser\0.9.14\cssparser-0.9.14.jar;C:\Users\Nishad\.m2\repository\org\w3c\css\sac\1.3\sac-1.3.jar;C:\Users\Nishad\.m2\repository\commons-logging\commons-logging\1.1.3\commons-logging-1.1.3.jar;C:\Users\Nishad\.m2\repository\org\eclipse\jetty\jetty-websocket\8.1.15.v20140411\jetty-websocket-8.1.15.v20140411.jar;C:\Users\Nishad\.m2\repository\org\eclipse\jetty\jetty-util\8.1.15.v20140411\jetty-util-8.1.15.v20140411.jar;C:\Users\Nishad\.m2\repository\org\eclipse\jetty\jetty-io\8.1.15.v20140411\jetty-io-8.1.15.v20140411.jar;C:\Users\Nishad\.m2\repository\org\eclipse\jetty\jetty-http\8.1.15.v20140411\jetty-http-8.1.15.v20140411.jar;C:\Users\Nishad\.m2\repository\org\apache\httpcomponents\httpclient\4.3.6\httpclient-4.3.6.jar;C:\Users\Nishad\.m2\repository\org\apache\httpcomponents\httpcore\4.3.3\httpcore-4.3.3.jar;C:\Users\Nishad\.m2\repository\org\seleniumhq\selenium\selenium-firefox-driver\2.45.0\selenium-firefox-driver-2.45.0.jar;C:\Users\Nishad\.m2\repository\commons-io\commons-io\2.4\commons-io-2.4.jar;C:\Users\Nishad\.m2\repository\org\apache\commons\commons-exec\1.1\commons-exec-1.1.jar;C:\Users\Nishad\.m2\repository\org\seleniumhq\selenium\selenium-ie-driver\2.45.0\selenium-ie-driver-2.45.0.jar;C:\Users\Nishad\.m2\repository\net\java\dev\jna\jna\3.4.0\jna-3.4.0.jar;C:\Users\Nishad\.m2\repository\net\java\dev\jna\platform\3.4.0\platform-3.4.0.jar;C:\Users\Nishad\.m2\repository\org\seleniumhq\selenium\selenium-safari-driver\2.45.0\selenium-safari-driver-2.45.0.jar;C:\Users\Nishad\.m2\repository\org\seleniumhq\selenium\selenium-support\2.45.0\selenium-support-2.45.0.jar;C:\Users\Nishad\.m2\repository\org\webbitserver\webbit\0.4.14\webbit-0.4.14.jar;C:\Users\Nishad\.m2\repository\io\netty\netty\3.5.2.Final\netty-3.5.2.Final.jar;C:\Users\Nishad\.m2\repository\org\seleniumhq\selenium\selenium-leg-rc\2.45.0\selenium-leg-rc-2.45.0.jar;C:\Users\Nishad\.m2\repository\org\testng\testng\6.8.8\testng-6.8.8.jar;C:\Users\Nishad\.m2\repository\org\beanshell\bsh\2.0b4\bsh-2.0b4.jar;C:\Users\Nishad\.m2\repository\com\beust\jcommander\1.27\jcommander-1.27.jar;C:\Users\Nishad\.m2\repository\org\apache\maven\plugins\maven-surefire-plugin\3.0.0-M5\maven-surefire-plugin-3.0.0-M5.jar;C:\Users\Nishad\.m2\repository\org\apache\maven\surefire\maven-surefire-common\3.0.0-M5\maven-surefire-common-3.0.0-M5.jar;C:\Users\Nishad\.m2\repository\org\apache\maven\surefire\surefire-api\3.0.0-M5\surefire-api-3.0.0-M5.jar;C:\Users\Nishad\.m2\repository\org\apache\maven\surefire\surefire-logger-api\3.0.0-M5\surefire-logger-api-3.0.0-M5.jar;C:\Users\Nishad\.m2\repository\org\apache\maven\surefire\surefire-extensions-api\3.0.0-M5\surefire-extensions-api-3.0.0-M5.jar;C:\Users\Nishad\.m2\repository\org\apache\maven\surefire\surefire-booter\3.0.0-M5\surefire-booter-3.0.0-M5.jar;C:\Users\Nishad\.m2\repository\org\apache\maven\surefire\surefire-extensions-spi\3.0.0-M5\surefire-extensions-spi-3.0.0-M5.jar;C:\Users\Nishad\.m2\repository\org\apache\maven\maven-toolchain\3.0-alpha-2\maven-toolchain-3.0-alpha-2.jar;C:\Users\Nishad\.m2\repository\org\apache\maven\shared\maven-artifact-transfer\0.11.0\maven-artifact-transfer-0.11.0.jar;C:\Users\Nishad\.m2\repository\org\apache\maven\shared\maven-common-artifact-filters\3.0.1\maven-common-artifact-filters-3.0.1.jar;C:\Users\Nishad\.m2\repository\org\apache\maven\maven-model\3.0\maven-model-3.0.jar;C:\Users\Nishad\.m2\repository\org\apache\maven\maven-plugin-api\3.0\maven-plugin-api-3.0.jar;C:\Users\Nishad\.m2\repository\org\sonatype\sisu\sisu-inject-plexus\1.4.2\sisu-inject-plexus-1.4.2.jar;C:\Users\Nishad\.m2\repository\org\codehaus\plexus\plexus-classworlds\2.2.3\plexus-classworlds-2.2.3.jar;C:\Users\Nishad\.m2\repository\org\sonatype\sisu\sisu-inject-bean\1.4.2\sisu-inject-bean-1.4.2.jar;C:\Users\Nishad\.m2\repository\org\sonatype\sisu\sisu-guice\2.1.7\sisu-guice-2.1.7-noaop.jar;C:\Users\Nishad\.m2\repository\org\apache\maven\shared\maven-shared-utils\3.1.0\maven-shared-utils-3.1.0.jar;C:\Users\Nishad\.m2\repository\org\codehaus\plexus\plexus-java\1.0.5\plexus-java-1.0.5.jar;C:\Users\Nishad\.m2\repository\org\ow2\asm\asm\7.2\asm-7.2.jar;C:\Users\Nishad\.m2\repository\com\thoughtworks\qdox\qdox\2.0-M9\qdox-2.0-M9.jar;C:\Users\Nishad\.m2\repository\org\apache\maven\surefire\surefire-shared-utils\3.0.0-M4\surefire-shared-utils-3.0.0-M4.jar;C:\Users\Nishad\.m2\repository\org\apache\poi\poi-ooxml\4.1.2\poi-ooxml-4.1.2.jar;C:\Users\Nishad\.m2\repository\org\apache\poi\poi\4.1.2\poi-4.1.2.jar;C:\Users\Nishad\.m2\repository\commons-codec\commons-codec\1.13\commons-codec-1.13.jar;C:\Users\Nishad\.m2\repository\org\apache\commons\commons-collections4\4.4\commons-collections4-4.4.jar;C:\Users\Nishad\.m2\repository\org\apache\commons\commons-math3\3.6.1\commons-math3-3.6.1.jar;C:\Users\Nishad\.m2\repository\com\zaxxer\SparseBitSet\1.2\SparseBitSet-1.2.jar;C:\Users\Nishad\.m2\repository\org\apache\poi\poi-ooxml-schemas\4.1.2\poi-ooxml-schemas-4.1.2.jar;C:\Users\Nishad\.m2\repository\org\apache\xmlbeans\xmlbeans\3.1.0\xmlbeans-3.1.0.jar;C:\Users\Nishad\.m2\repository\org\apache\commons\commons-compress\1.19\commons-compress-1.19.jar;C:\Users\Nishad\.m2\repository\com\github\virtuald\curvesapi\1.06\curvesapi-1.06.jar;"/>
    <property name="sun.cpu.endian" value="little"/>
    <property name="user.home" value="C:\Users\Nishad"/>
    <property name="user.language" value="en"/>
    <property name="java.specification.vendor" value="Oracle Corporation"/>
    <property name="java.home" value="C:\Program Files\Java\jdk1.8.0_231\jre"/>
    <property name="basedir" value="C:\Users\Nishad\git\repository\OpenHRM"/>
    <property name="file.separator" value="\"/>
    <property name="line.separator" value="&#10;"/>
    <property name="java.vm.specification.vendor" value="Oracle Corporation"/>
    <property name="java.specification.name" value="Java Platform API Specification"/>
    <property name="java.awt.graphicsenv" value="sun.awt.Win32GraphicsEnvironment"/>
    <property name="surefire.real.class.path" value="C:\Users\Nishad\AppData\Local\Temp\surefire6658287218509842821\surefirebooter2716133619679024373.jar"/>
    <property name="sun.boot.class.path" value="C:\Program Files\Java\jdk1.8.0_231\jre\lib\resources.jar;C:\Program Files\Java\jdk1.8.0_231\jre\lib\rt.jar;C:\Program Files\Java\jdk1.8.0_231\jre\lib\sunrsasign.jar;C:\Program Files\Java\jdk1.8.0_231\jre\lib\jsse.jar;C:\Program Files\Java\jdk1.8.0_231\jre\lib\jce.jar;C:\Program Files\Java\jdk1.8.0_231\jre\lib\charsets.jar;C:\Program Files\Java\jdk1.8.0_231\jre\lib\jfr.jar;C:\Program Files\Java\jdk1.8.0_231\jre\classes"/>
    <property name="user.script" value=""/>
    <property name="sun.management.compiler" value="HotSpot 64-Bit Tiered Compilers"/>
    <property name="java.runtime.version" value="1.8.0_231-b11"/>
    <property name="user.name" value="Nishad"/>
    <property name="path.separator" value=";"/>
    <property name="os.version" value="10.0"/>
    <property name="java.endorsed.dirs" value="C:\Program Files\Java\jdk1.8.0_231\jre\lib\endorsed"/>
    <property name="java.runtime.name" value="Java(TM) SE Runtime Environment"/>
    <property name="file.encoding" value="Cp1252"/>
    <property name="java.vm.name" value="Java HotSpot(TM) 64-Bit Server VM"/>
    <property name="localRepository" value="C:\Users\Nishad\.m2\repository"/>
    <property name="java.vendor.url.bug" value="http://bugreport.sun.com/bugreport/"/>
    <property name="java.io.tmpdir" value="C:\Users\Nishad\AppData\Local\Temp\"/>
    <property name="java.version" value="1.8.0_231"/>
    <property name="user.dir" value="C:\Users\Nishad\git\repository\OpenHRM"/>
    <property name="os.arch" value="amd64"/>
    <property name="java.vm.specification.name" value="Java Virtual Machine Specification"/>
    <property name="java.awt.printerjob" value="sun.awt.windows.WPrinterJob"/>
    <property name="sun.os.patch.level" value=""/>
    <property name="java.library.path" value="C:\Program Files\Java\jdk1.8.0_231\jre\bin;C:\WINDOWS\Sun\Java\bin;C:\WINDOWS\system32;C:\WINDOWS;C:/Program Files/Java/jre1.8.0_261/bin/server;C:/Program Files/Java/jre1.8.0_261/bin;C:/Program Files/Java/jre1.8.0_261/lib/amd64;C:\Program Files (x86)\Common Files\Oracle\Java\javapath;C:\WINDOWS\system32;C:\WINDOWS;C:\WINDOWS\System32\Wbem;C:\WINDOWS\System32\WindowsPowerShell\v1.0\;C:\Program Files\PuTTY\;C:\WINDOWS\System32\OpenSSH\;C:\Users\Nishad\AppData\Local\Microsoft\WindowsApps;C:\Users\Nishad\AppData\Local\GitHubDesktop\bin;C:\Users\Nishad\AppData\Local\atom\bin;C:\Users\Nishad\AppData\Local\Programs\Microsoft VS Code\bin;C:\WINDOWS\system32;;."/>
    <property name="java.vm.info" value="mixed mode"/>
    <property name="java.vendor" value="Oracle Corporation"/>
    <property name="java.vm.version" value="25.231-b11"/>
    <property name="java.ext.dirs" value="C:\Program Files\Java\jdk1.8.0_231\jre\lib\ext;C:\WINDOWS\Sun\Java\lib\ext"/>
    <property name="sun.io.unicode.encoding" value="UnicodeLittle"/>
    <property name="java.class.version" value="52.0"/>
  </properties>
  <testcase name="invalidLoginTest[TC#1_AllFieldsBlank, , , Username cannot be empty, org.testng.TestRunner@11df6cc9](1)" classname="RegressionTest.InvalidLoginTest" time="0.438">
    <system-err><![CDATA[Starting ChromeDriver 84.0.4147.30 (48b3e868b4cc0aa7e8149519690b6f6949e110a8-refs/branch-heads/4147@{#310}) on port 34169
Only local connections are allowed.
Please see https://chromedriver.chromium.org/security-considerations for suggestions on keeping ChromeDriver safe.
ChromeDriver was started successfully.
Starting ChromeDriver 84.0.4147.30 (48b3e868b4cc0aa7e8149519690b6f6949e110a8-refs/branch-heads/4147@{#310}) on port 8039
Only local connections are allowed.
Please see https://chromedriver.chromium.org/security-considerations for suggestions on keeping ChromeDriver safe.
ChromeDriver was started successfully.
]]></system-err>
  </testcase>
  <testcase name="invalidLoginTest[TC#2_UserNameBlank, , DUMMY_PASS, Username cannot be empty, org.testng.TestRunner@11df6cc9](2)" classname="RegressionTest.InvalidLoginTest" time="0.36"/>
  <testcase name="invalidLoginTest[TC#3_PasswordBlank, DUMMY_USERNAME, , Password cannot be empty, org.testng.TestRunner@11df6cc9](3)" classname="RegressionTest.InvalidLoginTest" time="0.409"/>
  <testcase name="invalidLoginTest[TC#4_InvalidCredentials, DUMMY_USERNAME, DUMMY_PASS, Invalid credentials, org.testng.TestRunner@11df6cc9](4)" classname="RegressionTest.InvalidLoginTest" time="0.238"/>
  <testcase name="invalidLoginTest[TC#5_AdditionalInvalidCredentials, NISHAD, Invalid, Invalid credentials, org.testng.TestRunner@11df6cc9](5)" classname="RegressionTest.InvalidLoginTest" time="0.882"/>
  <testcase name="invalidLoginTest[TC#6_AdditionalInvalidCredentials, Prajakta, Invalid, Invalid credentials, org.testng.TestRunner@11df6cc9](6)" classname="RegressionTest.InvalidLoginTest" time="1.035"/>
  <testcase name="invalidLoginTest[TC#7_AdditionalInvalidCredentials, Arun, Invalid, Invalid credentials, org.testng.TestRunner@11df6cc9](7)" classname="RegressionTest.InvalidLoginTest" time="0.772"/>
  <testcase name="invalidLoginTest[TC#8_AdditionalInvalidCredentials, Neha, Invalid, Invalid credentials, org.testng.TestRunner@11df6cc9](8)" classname="RegressionTest.InvalidLoginTest" time="1.244"/>
  <testcase name="invalidLoginTest[TC#9_AdditionalInvalidCredentials, Malhar, Invalid, Invalid credentials, org.testng.TestRunner@11df6cc9](9)" classname="RegressionTest.InvalidLoginTest" time="0.843"/>
  <testcase name="invalidLoginTest[TC#10_AdditionalInvalidCredentials, Ira, Invalid, Invalid credentials, org.testng.TestRunner@11df6cc9](10)" classname="RegressionTest.InvalidLoginTest" time="1.355"/>
  <testcase name="invalidLoginTest[TC#11_AdditionalBlanks,  ,  , Invalid credentials, org.testng.TestRunner@11df6cc9](11)" classname="RegressionTest.InvalidLoginTest" time="1.012"/>
  <testcase name="invalidLoginTest[TC#12_AdditionalBlanks,   ,  , Invalid credentials, org.testng.TestRunner@11df6cc9](12)" classname="RegressionTest.InvalidLoginTest" time="0.784"/>
  <testcase name="invalidLoginTest[TC#13_AdditionalBlanks,  ,   , Invalid credentials, org.testng.TestRunner@11df6cc9](13)" classname="RegressionTest.InvalidLoginTest" time="0.724"/>
  <testcase name="invalidLoginTest[TC#14_AdditionalBlanks,    ,   , Invalid credentials, org.testng.TestRunner@11df6cc9](14)" classname="RegressionTest.InvalidLoginTest" time="0.738"/>
  <testcase name="invalidLoginTest[TC#15_AdditionalBlanks,   ,     , Invalid credentials, org.testng.TestRunner@11df6cc9](15)" classname="RegressionTest.InvalidLoginTest" time="0.858"/>
  <testcase name="login[https://s2.demo.opensourcecms.com/orangehrm/symfony/web/index.php/auth/login, opensourcecms, opensourcecms, org.testng.TestRunner@11df6cc9](1)" classname="RegressionTest.LinkValidation" time="0.9"/>
  <testcase name="menuValidation[Admin, Admin.Organization&#10;Admin.Job&#10;Admin.Qualification&#10;Admin.Memberships&#10;Admin.Nationalities&#10;Admin.Users&#10;Admin.EmailNotifications&#10;Admin.ProjectInfo, org.testng.TestRunner@11df6cc9](1)" classname="RegressionTest.LinkValidation" time="0.69"/>
  <testcase name="menuValidation[Admin&#10;Admin.Organization, Admin.Organization.GeneralInformation&#10;Admin.Organization.Locations&#10;Admin.Organization.Structure, org.testng.TestRunner@11df6cc9](2)" classname="RegressionTest.LinkValidation" time="0.039"/>
  <testcase name="menuValidation[Admin&#10;Admin.Job, Admin.Job.JobTitles&#10;Admin.Job.PayGrades&#10;Admin.Job.EmploymentStatus&#10;Admin.Job.JobCategories&#10;Admin.Job.WorkShifts, org.testng.TestRunner@11df6cc9](3)" classname="RegressionTest.LinkValidation" time="0.51"/>
  <testcase name="menuValidation[Admin&#10;Admin.Qualification, Admin.Qualification.Skills&#10;Admin.Qualification.Education&#10;Admin.Qualification.Licenses&#10;Admin.Qualification.Languages, org.testng.TestRunner@11df6cc9](4)" classname="RegressionTest.LinkValidation" time="0.447"/>
  <testcase name="menuValidation[Admin&#10;Admin.EmailNotifications, Admin.EmailNotifications.Configuration&#10;Admin.EmailNotifications.Subscribe, org.testng.TestRunner@11df6cc9](5)" classname="RegressionTest.LinkValidation" time="0.302"/>
  <testcase name="menuValidation[Admin&#10;Admin.ProjectInfo, Admin.ProjectInfo.Customers&#10;Admin.ProjectInfo.Projects, org.testng.TestRunner@11df6cc9](6)" classname="RegressionTest.LinkValidation" time="0.236"/>
  <testcase name="menuValidation[Admin&#10;Admin.Configuration, Admin.Configuration.Localization&#10;Admin.Configuration.Modules, org.testng.TestRunner@11df6cc9](7)" classname="RegressionTest.LinkValidation" time="0.242"/>
  <testcase name="menuValidation[PIM, PIM.Configuration&#10;PIM.EmployeeList&#10;PIM.AddEmployee&#10;PIM.Reports, org.testng.TestRunner@11df6cc9](8)" classname="RegressionTest.LinkValidation" time="0.455"/>
  <testcase name="menuValidation[PIM&#10;PIM.Configuration, PIM.Configuration.OptionalFields&#10;PIM.Configuration.CustomFields&#10;PIM.Configuration.DataImport&#10;PIM.Configuration.ReportingMethods&#10;PIM.Configuration.TerminationReasons, org.testng.TestRunner@11df6cc9](9)" classname="RegressionTest.LinkValidation" time="0.034"/>
</testsuite>