<?xml version="1.0" encoding="UTF-8"?>
<!-- Generated by org.testng.reporters.JUnitReportReporter -->
<testsuite hostname="DESKTOP-9E5A4CC" name="RegressionTest.InvalidLoginTest" tests="15" failures="0" timestamp="26 Aug 2020 16:05:50 GMT" time="26.459" errors="0">
  <testcase name="invalidLoginTest" time="2.139" classname="RegressionTest.InvalidLoginTest"/>
  <testcase name="invalidLoginTest" time="1.401" classname="RegressionTest.InvalidLoginTest"/>
  <testcase name="invalidLoginTest" time="1.349" classname="RegressionTest.InvalidLoginTest"/>
  <testcase name="invalidLoginTest" time="1.485" classname="RegressionTest.InvalidLoginTest"/>
  <testcase name="invalidLoginTest" time="1.337" classname="RegressionTest.InvalidLoginTest"/>
  <testcase name="invalidLoginTest" time="1.716" classname="RegressionTest.InvalidLoginTest"/>
  <testcase name="invalidLoginTest" time="1.083" classname="RegressionTest.InvalidLoginTest"/>
  <testcase name="invalidLoginTest" time="2.029" classname="RegressionTest.InvalidLoginTest"/>
  <testcase name="invalidLoginTest" time="1.756" classname="RegressionTest.InvalidLoginTest"/>
  <testcase name="invalidLoginTest" time="1.265" classname="RegressionTest.InvalidLoginTest"/>
  <testcase name="invalidLoginTest" time="2.219" classname="RegressionTest.InvalidLoginTest"/>
  <testcase name="invalidLoginTest" time="2.345" classname="RegressionTest.InvalidLoginTest"/>
  <testcase name="invalidLoginTest" time="3.700" classname="RegressionTest.InvalidLoginTest"/>
  <testcase name="invalidLoginTest" time="1.112" classname="RegressionTest.InvalidLoginTest"/>
  <testcase name="invalidLoginTest" time="1.523" classname="RegressionTest.InvalidLoginTest"/>
</testsuite> <!-- RegressionTest.InvalidLoginTest -->
