<?xml version="1.0" encoding="UTF-8"?>
<!-- Generated by org.testng.reporters.JUnitReportReporter -->
<testsuite hostname="DESKTOP-9E5A4CC" name="RegressionTest.LinkValidation" tests="10" failures="0" timestamp="26 Aug 2020 16:05:50 GMT" time="10.619" errors="0">
  <testcase name="menuValidation" time="0.326" classname="RegressionTest.LinkValidation"/>
  <testcase name="menuValidation" time="0.454" classname="RegressionTest.LinkValidation"/>
  <testcase name="login" time="6.751" classname="RegressionTest.LinkValidation"/>
  <testcase name="menuValidation" time="0.236" classname="RegressionTest.LinkValidation"/>
  <testcase name="menuValidation" time="0.718" classname="RegressionTest.LinkValidation"/>
  <testcase name="menuValidation" time="0.242" classname="RegressionTest.LinkValidation"/>
  <testcase name="menuValidation" time="0.331" classname="RegressionTest.LinkValidation"/>
  <testcase name="menuValidation" time="0.447" classname="RegressionTest.LinkValidation"/>
  <testcase name="menuValidation" time="0.511" classname="RegressionTest.LinkValidation"/>
  <testcase name="menuValidation" time="0.603" classname="RegressionTest.LinkValidation"/>
</testsuite> <!-- RegressionTest.LinkValidation -->
