<?xml version="1.0" encoding="UTF-8"?>
<!-- Generated by org.testng.reporters.JUnitReportReporter -->
<testsuite hostname="DESKTOP-9E5A4CC" name="RegressionTest.InvalidLoginTest" tests="15" failures="0" timestamp="26 Aug 2020 10:56:44 GMT" time="17.498" errors="0">
  <testcase name="invalidLoginTest" time="1.047" classname="RegressionTest.InvalidLoginTest"/>
  <testcase name="invalidLoginTest" time="1.487" classname="RegressionTest.InvalidLoginTest"/>
  <testcase name="invalidLoginTest" time="2.497" classname="RegressionTest.InvalidLoginTest"/>
  <testcase name="invalidLoginTest" time="0.981" classname="RegressionTest.InvalidLoginTest"/>
  <testcase name="invalidLoginTest" time="1.130" classname="RegressionTest.InvalidLoginTest"/>
  <testcase name="invalidLoginTest" time="1.049" classname="RegressionTest.InvalidLoginTest"/>
  <testcase name="invalidLoginTest" time="1.045" classname="RegressionTest.InvalidLoginTest"/>
  <testcase name="invalidLoginTest" time="1.130" classname="RegressionTest.InvalidLoginTest"/>
  <testcase name="invalidLoginTest" time="0.690" classname="RegressionTest.InvalidLoginTest"/>
  <testcase name="invalidLoginTest" time="1.429" classname="RegressionTest.InvalidLoginTest"/>
  <testcase name="invalidLoginTest" time="0.904" classname="RegressionTest.InvalidLoginTest"/>
  <testcase name="invalidLoginTest" time="1.016" classname="RegressionTest.InvalidLoginTest"/>
  <testcase name="invalidLoginTest" time="1.229" classname="RegressionTest.InvalidLoginTest"/>
  <testcase name="invalidLoginTest" time="0.933" classname="RegressionTest.InvalidLoginTest"/>
  <testcase name="invalidLoginTest" time="0.931" classname="RegressionTest.InvalidLoginTest"/>
</testsuite> <!-- RegressionTest.InvalidLoginTest -->
