<?xml version="1.0" encoding="UTF-8"?>
<!-- Generated by org.testng.reporters.JUnitReportReporter -->
<testsuite hostname="DESKTOP-9E5A4CC" name="RegressionTest.LinkValidation" tests="10" failures="0" timestamp="26 Aug 2020 10:56:44 GMT" time="9.705" errors="0">
  <testcase name="menuValidation" time="0.253" classname="RegressionTest.LinkValidation"/>
  <testcase name="menuValidation" time="0.293" classname="RegressionTest.LinkValidation"/>
  <testcase name="menuValidation" time="0.461" classname="RegressionTest.LinkValidation"/>
  <testcase name="menuValidation" time="0.427" classname="RegressionTest.LinkValidation"/>
  <testcase name="menuValidation" time="0.808" classname="RegressionTest.LinkValidation"/>
  <testcase name="menuValidation" time="0.469" classname="RegressionTest.LinkValidation"/>
  <testcase name="menuValidation" time="0.437" classname="RegressionTest.LinkValidation"/>
  <testcase name="login" time="5.619" classname="RegressionTest.LinkValidation"/>
  <testcase name="menuValidation" time="0.449" classname="RegressionTest.LinkValidation"/>
  <testcase name="menuValidation" time="0.489" classname="RegressionTest.LinkValidation"/>
</testsuite> <!-- RegressionTest.LinkValidation -->
